/Users/martin-m4air/Library/Python/3.9/lib/python/site-packages/urllib3/__init__.py:35: NotOpenSSLWarning: urllib3 v2 only supports OpenSSL 1.1.1+, currently the 'ssl' module is compiled with 'LibreSSL 2.8.3'. See: https://github.com/urllib3/urllib3/issues/3020
  warnings.warn(

>>>> RESUMING NIFTY SMLCAP 250 <<<<
[20:43:06] Fetching NIFTY SMLCAP 250 | 25-Jan-2026 to 26-Mar-2026...
  √ Added 42 days.
  Wait 15s...
[20:43:22] Fetching NIFTY SMLCAP 250 | 25-Nov-2025 to 24-Jan-2026...
  √ Added 42 days.
  Wait 15s...
[20:43:37] Fetching NIFTY SMLCAP 250 | 25-Sep-2025 to 24-Nov-2025...
  √ Added 40 days.
  Wait 15s...
[20:43:54] Fetching NIFTY SMLCAP 250 | 26-Jul-2025 to 24-Sep-2025...
  √ Added 41 days.
  Wait 15s...
[20:44:09] Fetching NIFTY SMLCAP 250 | 26-May-2025 to 25-Jul-2025...
  √ Added 45 days.
  Wait 15s...
[20:44:25] Fetching NIFTY SMLCAP 250 | 26-Mar-2025 to 25-May-2025...
  √ Added 38 days.
  Wait 15s...
[20:44:41] Fetching NIFTY SMLCAP 250 | 24-Jan-2025 to 25-Mar-2025...
  √ Added 42 days.
  Wait 15s...
[20:44:57] Fetching NIFTY SMLCAP 250 | 24-Nov-2024 to 23-Jan-2025...
  √ Added 43 days.
  Wait 15s...
[20:45:13] Fetching NIFTY SMLCAP 250 | 24-Sep-2024 to 23-Nov-2024...
  √ Added 41 days.
  Wait 15s...
[20:45:29] Fetching NIFTY SMLCAP 250 | 25-Jul-2024 to 23-Sep-2024...
  √ Added 42 days.
  Wait 15s...
[20:45:45] Fetching NIFTY SMLCAP 250 | 25-May-2024 to 24-Jul-2024...
  Error: Expecting value: line 1 column 1 (char 0)
  Wait 15s...
[20:48:00] Fetching NIFTY SMLCAP 250 | 25-Mar-2024 to 24-May-2024...
  √ Added 40 days.
  Wait 15s...
[20:48:16] Fetching NIFTY SMLCAP 250 | 24-Jan-2024 to 24-Mar-2024...
  √ Added 42 days.
  Wait 15s...
[20:48:32] Fetching NIFTY SMLCAP 250 | 24-Nov-2023 to 23-Jan-2024...
  √ Added 41 days.
  Wait 15s...
[20:48:48] Fetching NIFTY SMLCAP 250 | 24-Sep-2023 to 23-Nov-2023...
  √ Added 42 days.
  Wait 15s...
[20:49:03] Fetching NIFTY SMLCAP 250 | 25-Jul-2023 to 23-Sep-2023...
  √ Added 42 days.
  Wait 15s...
[20:49:19] Fetching NIFTY SMLCAP 250 | 25-May-2023 to 24-Jul-2023...
  √ Added 42 days.
  Wait 15s...
[20:49:34] Fetching NIFTY SMLCAP 250 | 25-Mar-2023 to 24-May-2023...
  √ Added 38 days.
  Wait 15s...
[20:49:50] Fetching NIFTY SMLCAP 250 | 23-Jan-2023 to 24-Mar-2023...
  √ Added 43 days.
  Wait 15s...
[20:50:06] Fetching NIFTY SMLCAP 250 | 23-Nov-2022 to 22-Jan-2023...
  √ Added 43 days.
  Wait 15s...
[20:50:21] Fetching NIFTY SMLCAP 250 | 23-Sep-2022 to 22-Nov-2022...
  √ Added 40 days.
  Wait 15s...
[20:50:37] Fetching NIFTY SMLCAP 250 | 24-Jul-2022 to 22-Sep-2022...
  √ Added 41 days.
  Wait 15s...
[20:50:53] Fetching NIFTY SMLCAP 250 | 24-May-2022 to 23-Jul-2022...
  √ Added 44 days.
  Wait 15s...
[20:51:08] Fetching NIFTY SMLCAP 250 | 24-Mar-2022 to 23-May-2022...
  √ Added 40 days.
  Wait 15s...
  Chunk 22-Jan-2022 - 23-Mar-2022 already has 37 days. Skipping...
[20:51:24] Fetching NIFTY SMLCAP 250 | 22-Nov-2021 to 21-Jan-2022...
  √ Added 45 days.
  Wait 15s...
[20:51:39] Fetching NIFTY SMLCAP 250 | 22-Sep-2021 to 21-Nov-2021...
  √ Added 40 days.
  Wait 15s...
[20:51:56] Fetching NIFTY SMLCAP 250 | 23-Jul-2021 to 21-Sep-2021...
  Error: Expecting value: line 1 column 1 (char 0)
  Wait 15s...
[20:54:06] Fetching NIFTY SMLCAP 250 | 23-May-2021 to 22-Jul-2021...
  √ Added 43 days.
  Wait 15s...
[20:54:22] Fetching NIFTY SMLCAP 250 | 27-Mar-2021 to 22-May-2021...
  √ Added 35 days.
  Wait 15s...
>>>> COMPLETED NIFTY SMLCAP 250 <<<<

>>>> RESUMING NIFTY LARGEMID250 <<<<
[20:54:38] Fetching NIFTY LARGEMID250 | 25-Jan-2026 to 26-Mar-2026...
  Error: Expecting value: line 1 column 1 (char 0)
  Wait 15s...
[20:56:53] Fetching NIFTY LARGEMID250 | 25-Nov-2025 to 24-Jan-2026...
  √ Added 42 days.
  Wait 15s...
[20:57:09] Fetching NIFTY LARGEMID250 | 25-Sep-2025 to 24-Nov-2025...
  √ Added 40 days.
  Wait 15s...
[20:57:25] Fetching NIFTY LARGEMID250 | 26-Jul-2025 to 24-Sep-2025...
  √ Added 41 days.
  Wait 15s...
[20:57:40] Fetching NIFTY LARGEMID250 | 26-May-2025 to 25-Jul-2025...
  √ Added 45 days.
  Wait 15s...
[20:57:56] Fetching NIFTY LARGEMID250 | 26-Mar-2025 to 25-May-2025...
  √ Added 38 days.
  Wait 15s...
[20:58:12] Fetching NIFTY LARGEMID250 | 24-Jan-2025 to 25-Mar-2025...
  √ Added 42 days.
  Wait 15s...
[20:58:27] Fetching NIFTY LARGEMID250 | 24-Nov-2024 to 23-Jan-2025...
  Error: Expecting value: line 1 column 1 (char 0)
  Wait 15s...
[21:00:39] Fetching NIFTY LARGEMID250 | 24-Sep-2024 to 23-Nov-2024...
  Error: Expecting value: line 1 column 1 (char 0)
  Wait 15s...
[21:02:55] Fetching NIFTY LARGEMID250 | 25-Jul-2024 to 23-Sep-2024...
  √ Added 42 days.
  Wait 15s...
[21:03:11] Fetching NIFTY LARGEMID250 | 25-May-2024 to 24-Jul-2024...
  √ Added 41 days.
  Wait 15s...
[21:03:27] Fetching NIFTY LARGEMID250 | 25-Mar-2024 to 24-May-2024...
  √ Added 40 days.
  Wait 15s...
[21:03:42] Fetching NIFTY LARGEMID250 | 24-Jan-2024 to 24-Mar-2024...
  √ Added 42 days.
  Wait 15s...
[21:03:58] Fetching NIFTY LARGEMID250 | 24-Nov-2023 to 23-Jan-2024...
  √ Added 41 days.
  Wait 15s...
[21:04:13] Fetching NIFTY LARGEMID250 | 24-Sep-2023 to 23-Nov-2023...
  √ Added 42 days.
  Wait 15s...
[21:04:29] Fetching NIFTY LARGEMID250 | 25-Jul-2023 to 23-Sep-2023...
  √ Added 42 days.
  Wait 15s...
[21:04:45] Fetching NIFTY LARGEMID250 | 25-May-2023 to 24-Jul-2023...
  √ Added 42 days.
  Wait 15s...
[21:05:01] Fetching NIFTY LARGEMID250 | 25-Mar-2023 to 24-May-2023...
  √ Added 38 days.
  Wait 15s...
[21:05:17] Fetching NIFTY LARGEMID250 | 23-Jan-2023 to 24-Mar-2023...
  √ Added 43 days.
  Wait 15s...
[21:05:32] Fetching NIFTY LARGEMID250 | 23-Nov-2022 to 22-Jan-2023...
  √ Added 43 days.
  Wait 15s...
[21:05:48] Fetching NIFTY LARGEMID250 | 23-Sep-2022 to 22-Nov-2022...
  √ Added 40 days.
  Wait 15s...
[21:06:03] Fetching NIFTY LARGEMID250 | 24-Jul-2022 to 22-Sep-2022...
  √ Added 41 days.
  Wait 15s...
[21:06:19] Fetching NIFTY LARGEMID250 | 24-May-2022 to 23-Jul-2022...
  √ Added 44 days.
  Wait 15s...
[21:06:35] Fetching NIFTY LARGEMID250 | 24-Mar-2022 to 23-May-2022...
  √ Added 40 days.
  Wait 15s...
  Chunk 22-Jan-2022 - 23-Mar-2022 already has 33 days. Skipping...
[21:06:51] Fetching NIFTY LARGEMID250 | 22-Nov-2021 to 21-Jan-2022...
  Error: Expecting value: line 1 column 1 (char 0)
  Wait 15s...
[21:09:07] Fetching NIFTY LARGEMID250 | 22-Sep-2021 to 21-Nov-2021...
  √ Added 40 days.
  Wait 15s...
[21:09:23] Fetching NIFTY LARGEMID250 | 23-Jul-2021 to 21-Sep-2021...
  Error: Expecting value: line 1 column 1 (char 0)
  Wait 15s...
[21:11:38] Fetching NIFTY LARGEMID250 | 23-May-2021 to 22-Jul-2021...
  √ Added 43 days.
  Wait 15s...
[21:11:54] Fetching NIFTY LARGEMID250 | 27-Mar-2021 to 22-May-2021...
  √ Added 35 days.
  Wait 15s...
>>>> COMPLETED NIFTY LARGEMID250 <<<<

>>>> RESUMING NIFTY 500 <<<<
[21:12:09] Fetching NIFTY 500 | 25-Jan-2026 to 26-Mar-2026...
  Error: Expecting value: line 1 column 1 (char 0)
  Wait 15s...
[21:14:25] Fetching NIFTY 500 | 25-Nov-2025 to 24-Jan-2026...
  Error: Expecting value: line 1 column 1 (char 0)
  Wait 15s...
[21:16:41] Fetching NIFTY 500 | 25-Sep-2025 to 24-Nov-2025...
  Error: Expecting value: line 1 column 1 (char 0)
  Wait 15s...
[21:18:50] Fetching NIFTY 500 | 26-Jul-2025 to 24-Sep-2025...
  √ Added 41 days.
  Wait 15s...
[21:19:05] Fetching NIFTY 500 | 26-May-2025 to 25-Jul-2025...
  √ Added 45 days.
  Wait 15s...
[21:19:21] Fetching NIFTY 500 | 26-Mar-2025 to 25-May-2025...
  √ Added 38 days.
  Wait 15s...
[21:19:37] Fetching NIFTY 500 | 24-Jan-2025 to 25-Mar-2025...
  √ Added 42 days.
  Wait 15s...
[21:19:52] Fetching NIFTY 500 | 24-Nov-2024 to 23-Jan-2025...
  √ Added 43 days.
  Wait 15s...
[21:20:09] Fetching NIFTY 500 | 24-Sep-2024 to 23-Nov-2024...
  √ Added 41 days.
  Wait 15s...
[21:20:25] Fetching NIFTY 500 | 25-Jul-2024 to 23-Sep-2024...
  √ Added 42 days.
  Wait 15s...
[21:20:40] Fetching NIFTY 500 | 25-May-2024 to 24-Jul-2024...
  √ Added 41 days.
  Wait 15s...
[21:20:56] Fetching NIFTY 500 | 25-Mar-2024 to 24-May-2024...
  √ Added 40 days.
  Wait 15s...
[21:21:13] Fetching NIFTY 500 | 24-Jan-2024 to 24-Mar-2024...
  √ Added 42 days.
  Wait 15s...
[21:21:28] Fetching NIFTY 500 | 24-Nov-2023 to 23-Jan-2024...
  √ Added 41 days.
  Wait 15s...
[21:21:44] Fetching NIFTY 500 | 24-Sep-2023 to 23-Nov-2023...
  √ Added 42 days.
  Wait 15s...
[21:22:00] Fetching NIFTY 500 | 25-Jul-2023 to 23-Sep-2023...
  √ Added 42 days.
  Wait 15s...
[21:22:17] Fetching NIFTY 500 | 25-May-2023 to 24-Jul-2023...
  Error: Expecting value: line 1 column 1 (char 0)
  Wait 15s...
[21:24:26] Fetching NIFTY 500 | 25-Mar-2023 to 24-May-2023...
  √ Added 38 days.
  Wait 15s...
[21:24:42] Fetching NIFTY 500 | 23-Jan-2023 to 24-Mar-2023...
  √ Added 43 days.
  Wait 15s...
[21:24:58] Fetching NIFTY 500 | 23-Nov-2022 to 22-Jan-2023...
  Error: Expecting value: line 1 column 1 (char 0)
  Wait 15s...
[21:27:14] Fetching NIFTY 500 | 23-Sep-2022 to 22-Nov-2022...
  Error: Expecting value: line 1 column 1 (char 0)
  Wait 15s...
[21:29:30] Fetching NIFTY 500 | 24-Jul-2022 to 22-Sep-2022...
  Error: Expecting value: line 1 column 1 (char 0)
  Wait 15s...
[21:31:37] Fetching NIFTY 500 | 24-May-2022 to 23-Jul-2022...
  √ Added 44 days.
  Wait 15s...
[21:31:53] Fetching NIFTY 500 | 24-Mar-2022 to 23-May-2022...
  √ Added 40 days.
  Wait 15s...
[21:32:09] Fetching NIFTY 500 | 22-Jan-2022 to 23-Mar-2022...
  √ Added 40 days.
  Wait 15s...
[21:32:24] Fetching NIFTY 500 | 22-Nov-2021 to 21-Jan-2022...
  √ Added 45 days.
  Wait 15s...
[21:32:40] Fetching NIFTY 500 | 22-Sep-2021 to 21-Nov-2021...
  √ Added 40 days.
  Wait 15s...
[21:32:56] Fetching NIFTY 500 | 23-Jul-2021 to 21-Sep-2021...
  Error: Expecting value: line 1 column 1 (char 0)
  Wait 15s...
[21:35:11] Fetching NIFTY 500 | 23-May-2021 to 22-Jul-2021...
  √ Added 43 days.
  Wait 15s...
[21:35:26] Fetching NIFTY 500 | 27-Mar-2021 to 22-May-2021...
  √ Added 35 days.
  Wait 15s...
>>>> COMPLETED NIFTY 500 <<<<

Resume Backfill Finalized!
